<?xml version="1.0" encoding="UTF-8"?>
<!-- Generated by org.testng.reporters.JUnitReportReporter -->
<testsuite skipped="0" hostname="DESKTOP-BMRSO81" name="frontEndTesting.TransferFundTest" tests="1" failures="0" timestamp="2020-08-16T02:31:16 IST" time="3.671" errors="0">
  <testcase name="transferFund" time="3.671" classname="frontEndTesting.TransferFundTest"/>
  <system-out/>
</testsuite> <!-- frontEndTesting.TransferFundTest -->
