<?xml version="1.0" encoding="UTF-8"?>
<!-- Generated by org.testng.reporters.JUnitReportReporter -->
<testsuite skipped="0" hostname="DESKTOP-BMRSO81" name="frontEndTesting.TransferFundTest" tests="3" failures="0" timestamp="2020-08-17T22:12:47 IST" time="9.658" errors="0">
  <testcase name="transferFund" time="3.725" classname="frontEndTesting.TransferFundTest"/>
  <system-out/>
  <testcase name="transferFundWithIncorrectAccountNumber" time="2.959" classname="frontEndTesting.TransferFundTest"/>
  <system-out/>
  <testcase name="transferFundGreaterThanBalance" time="2.974" classname="frontEndTesting.TransferFundTest"/>
  <system-out/>
</testsuite> <!-- frontEndTesting.TransferFundTest -->
