<?xml version="1.0" encoding="UTF-8"?>
<!-- Generated by org.testng.reporters.JUnitReportReporter -->
<testsuite skipped="0" hostname="DESKTOP-BMRSO81" name="frontEndTesting.DepositFundTest" tests="2" failures="0" timestamp="2020-08-17T03:35:07 IST" time="3.376" errors="0">
  <testcase name="depositFundInPrimaryAccount" time="1.847" classname="frontEndTesting.DepositFundTest"/>
  <system-out/>
  <testcase name="depositFundInSavingAccount" time="1.529" classname="frontEndTesting.DepositFundTest"/>
  <system-out/>
</testsuite> <!-- frontEndTesting.DepositFundTest -->
