<?xml version="1.0" encoding="UTF-8"?>
<!-- Generated by org.testng.reporters.JUnitReportReporter -->
<testsuite skipped="0" hostname="DESKTOP-BMRSO81" name="frontEndTesting.ViewSecondaryAccountTest" tests="1" failures="0" timestamp="2020-08-17T17:00:01 IST" time="0.807" errors="0">
  <testcase name="requestChequeBook" time="0.807" classname="frontEndTesting.ViewSecondaryAccountTest"/>
  <system-out/>
</testsuite> <!-- frontEndTesting.ViewSecondaryAccountTest -->
