<?xml version="1.0" encoding="UTF-8"?>
<!-- Generated by org.testng.reporters.JUnitReportReporter -->
<testsuite skipped="0" hostname="DESKTOP-BMRSO81" name="frontEndTesting.DepositFundTest" tests="2" failures="0" timestamp="2020-08-17T22:12:47 IST" time="3.680" errors="0">
  <testcase name="depositFundInSavingAccount" time="1.591" classname="frontEndTesting.DepositFundTest"/>
  <system-out/>
  <testcase name="depositFundInPrimaryAccount" time="2.089" classname="frontEndTesting.DepositFundTest"/>
  <system-out/>
</testsuite> <!-- frontEndTesting.DepositFundTest -->
