<?xml version="1.0" encoding="UTF-8"?>
<!-- Generated by org.testng.reporters.JUnitReportReporter -->
<testsuite skipped="0" hostname="DESKTOP-BMRSO81" name="icinTesting.ICIN_test.LoginTest" tests="1" failures="0" timestamp="2020-08-16T00:47:32 IST" time="0.510" errors="0">
  <testcase name="loginUser" time="0.510" classname="icinTesting.ICIN_test.LoginTest"/>
  <system-out/>
</testsuite> <!-- icinTesting.ICIN_test.LoginTest -->
