<?xml version="1.0" encoding="UTF-8"?>
<!-- Generated by org.testng.reporters.JUnitReportReporter -->
<testsuite skipped="0" hostname="DESKTOP-BMRSO81" name="frontEndTesting.RequestChequeBookTest" tests="1" failures="0" timestamp="2020-08-17T22:12:47 IST" time="1.807" errors="0">
  <testcase name="requestChequeBook" time="1.807" classname="frontEndTesting.RequestChequeBookTest"/>
  <system-out/>
</testsuite> <!-- frontEndTesting.RequestChequeBookTest -->
