<?xml version="1.0" encoding="UTF-8"?>
<!-- Generated by org.testng.reporters.JUnitReportReporter -->
<testsuite skipped="0" hostname="DESKTOP-BMRSO81" name="frontEndTesting.DepositFundTest" tests="2" failures="0" timestamp="2020-08-20T10:01:23 IST" time="3.945" errors="0">
  <testcase name="depositFundInSavingAccount" time="1.720" classname="frontEndTesting.DepositFundTest"/>
  <system-out/>
  <testcase name="depositFundInPrimaryAccount" time="2.225" classname="frontEndTesting.DepositFundTest"/>
  <system-out/>
</testsuite> <!-- frontEndTesting.DepositFundTest -->
