<?xml version="1.0" encoding="UTF-8"?>
<!-- Generated by org.testng.reporters.JUnitReportReporter -->
<testsuite skipped="0" hostname="DESKTOP-BMRSO81" name="frontEndTesting.LoginTest" tests="1" failures="0" timestamp="2020-08-17T22:12:47 IST" time="1.542" errors="0">
  <testcase name="loginUser" time="1.542" classname="frontEndTesting.LoginTest"/>
  <system-out/>
</testsuite> <!-- frontEndTesting.LoginTest -->
