<?xml version="1.0" encoding="UTF-8"?>
<!-- Generated by org.testng.reporters.JUnitReportReporter -->
<testsuite skipped="0" hostname="DESKTOP-BMRSO81" name="frontEndTesting.WithdrawFundTest" tests="3" failures="0" timestamp="2020-08-17T03:35:32 IST" time="5.108" errors="0">
  <testcase name="withdrawFundInPrimaryAccount" time="1.815" classname="frontEndTesting.WithdrawFundTest"/>
  <system-out/>
  <testcase name="withdrawingAmountGreaterThanCurrentAmounForSavingsAccount" time="1.636" classname="frontEndTesting.WithdrawFundTest"/>
  <system-out/>
  <testcase name="withdrawFundInSavingAccount" time="1.657" classname="frontEndTesting.WithdrawFundTest"/>
  <system-out/>
</testsuite> <!-- frontEndTesting.WithdrawFundTest -->
