<?xml version="1.0" encoding="UTF-8"?>
<!-- Generated by org.testng.reporters.JUnitReportReporter -->
<testsuite skipped="0" hostname="DESKTOP-BMRSO81" name="frontEndTesting.RegistrationTest" tests="1" failures="0" timestamp="2020-08-17T12:30:57 IST" time="4.802" errors="0">
  <testcase name="registerUser" time="4.802" classname="frontEndTesting.RegistrationTest"/>
  <system-out/>
</testsuite> <!-- frontEndTesting.RegistrationTest -->
