<?xml version="1.0" encoding="UTF-8"?>
<!-- Generated by org.testng.reporters.JUnitReportReporter -->
<testsuite skipped="0" hostname="DESKTOP-BMRSO81" name="frontEndTesting.RegistrationTest" tests="2" failures="0" timestamp="2020-08-17T22:12:47 IST" time="9.426" errors="0">
  <testcase name="registerUser2" time="4.975" classname="frontEndTesting.RegistrationTest"/>
  <system-out/>
  <testcase name="registerUser" time="4.451" classname="frontEndTesting.RegistrationTest"/>
  <system-out/>
</testsuite> <!-- frontEndTesting.RegistrationTest -->
