<?xml version="1.0" encoding="UTF-8"?>
<!-- Generated by org.testng.reporters.JUnitReportReporter -->
<testsuite skipped="0" hostname="DESKTOP-BMRSO81" name="frontEndTesting.WithdrawFundTest" tests="4" failures="0" timestamp="2020-08-17T22:12:47 IST" time="7.655" errors="0">
  <testcase name="withdrawingAmountGreaterThanCurrentAmounForSavingsAccount" time="2.667" classname="frontEndTesting.WithdrawFundTest"/>
  <system-out/>
  <testcase name="withdrawFundInSavingAccount" time="1.708" classname="frontEndTesting.WithdrawFundTest"/>
  <system-out/>
  <testcase name="withdrawFundInPrimaryAccount" time="1.846" classname="frontEndTesting.WithdrawFundTest"/>
  <system-out/>
  <testcase name="withdrawingAmountGreaterThanCurrentAmounForPrimaryAccount" time="1.434" classname="frontEndTesting.WithdrawFundTest"/>
  <system-out/>
</testsuite> <!-- frontEndTesting.WithdrawFundTest -->
