<?xml version="1.0" encoding="UTF-8"?>
<!-- Generated by org.testng.reporters.JUnitReportReporter -->
<testsuite skipped="0" hostname="DESKTOP-BMRSO81" name="frontEndTesting.WithdrawFundTest" tests="4" failures="0" timestamp="2020-08-20T10:01:23 IST" time="7.844" errors="0">
  <testcase name="withdrawFundInPrimaryAccount" time="2.028" classname="frontEndTesting.WithdrawFundTest"/>
  <system-out/>
  <testcase name="withdrawFundInSavingAccount" time="1.779" classname="frontEndTesting.WithdrawFundTest"/>
  <system-out/>
  <testcase name="withdrawingAmountGreaterThanCurrentAmounForPrimaryAccount" time="1.443" classname="frontEndTesting.WithdrawFundTest"/>
  <system-out/>
  <testcase name="withdrawingAmountGreaterThanCurrentAmounForSavingsAccount" time="2.594" classname="frontEndTesting.WithdrawFundTest"/>
  <system-out/>
</testsuite> <!-- frontEndTesting.WithdrawFundTest -->
