<?xml version="1.0" encoding="UTF-8"?>
<!-- Generated by org.testng.reporters.JUnitReportReporter -->
<testsuite skipped="0" hostname="DESKTOP-BMRSO81" name="frontEndTesting.TransferFundTest" tests="3" failures="0" timestamp="2020-08-20T10:01:23 IST" time="10.453" errors="0">
  <testcase name="transferFundGreaterThanBalance" time="3.269" classname="frontEndTesting.TransferFundTest"/>
  <system-out/>
  <testcase name="transferFund" time="3.913" classname="frontEndTesting.TransferFundTest"/>
  <system-out/>
  <testcase name="transferFundWithIncorrectAccountNumber" time="3.271" classname="frontEndTesting.TransferFundTest"/>
  <system-out/>
</testsuite> <!-- frontEndTesting.TransferFundTest -->
