<?xml version="1.0" encoding="UTF-8"?>
<!-- Generated by org.testng.reporters.JUnitReportReporter -->
<testsuite skipped="0" hostname="DESKTOP-BMRSO81" name="frontEndTesting.ViewPrimaryAccountTest" tests="1" failures="0" timestamp="2020-08-20T10:01:23 IST" time="0.968" errors="0">
  <testcase name="requestChequeBook" time="0.968" classname="frontEndTesting.ViewPrimaryAccountTest"/>
  <system-out/>
</testsuite> <!-- frontEndTesting.ViewPrimaryAccountTest -->
