<?xml version="1.0" encoding="UTF-8"?>
<!-- Generated by org.testng.reporters.JUnitReportReporter -->
<testsuite skipped="0" hostname="DESKTOP-BMRSO81" name="frontEndTesting.RegistrationTest" tests="2" failures="0" timestamp="2020-08-20T13:35:49 IST" time="9.431" errors="0">
  <testcase name="registerUser" time="4.593" classname="frontEndTesting.RegistrationTest"/>
  <system-out/>
  <testcase name="registerUser2" time="4.838" classname="frontEndTesting.RegistrationTest"/>
  <system-out/>
</testsuite> <!-- frontEndTesting.RegistrationTest -->
